<?xml version="1.0" encoding="UTF-8"?>
<!-- Generated by org.testng.reporters.JUnitReportReporter -->
<testsuite skipped="0" hostname="DESKTOP-B996D5O" name="Tests.LoginTest" tests="1" failures="0" timestamp="23 Mar 2019 03:43:45 GMT" time="5.035" errors="0">
  <testcase name="verifyLogin" time="5.035" classname="Tests.LoginTest"/>
</testsuite> <!-- Tests.LoginTest -->
